<?xml version="1.0" encoding="UTF-8"?>
<!-- Generated by org.testng.reporters.JUnitXMLReporter -->
<testsuite ignored="0" hostname="Zacs-MacBook-Pro.local" failures="0" tests="6" name="Firefox Test" time="21.319" errors="0" timestamp="2021-05-19T14:26:20 PDT">
  <testcase classname="tests.Login" name="loadTimeTest" time="9.548"/>
  <testcase classname="tests.Login" name="lockedOutUser" time="0.896"/>
  <testcase classname="tests.Login" name="loginSuccess" time="0.804"/>
  <testcase classname="tests.Login" name="noCredentials" time="0.757"/>
  <testcase classname="tests.Login" name="tabbedNavigation" time="0.9"/>
  <testcase classname="tests.Login" name="wrongCredentials" time="0.774"/>
</testsuite> <!-- Firefox Test -->
