<?xml version="1.0" encoding="UTF-8"?>
<!-- Generated by org.testng.reporters.JUnitXMLReporter -->
<testsuite ignored="0" hostname="Zacs-MacBook-Pro.local" failures="0" tests="6" name="Default test" time="21.523" errors="0" timestamp="2021-05-19T15:06:54 PDT">
  <testcase classname="tests.LoginFirefox" name="loadTimeTest" time="10.102"/>
  <testcase classname="tests.LoginFirefox" name="lockedOutUser" time="0.695"/>
  <testcase classname="tests.LoginFirefox" name="loginSuccess" time="0.872"/>
  <testcase classname="tests.LoginFirefox" name="noCredentials" time="0.58"/>
  <testcase classname="tests.LoginFirefox" name="tabbedNavigation" time="0.646"/>
  <testcase classname="tests.LoginFirefox" name="wrongCredentials" time="1.055"/>
</testsuite> <!-- Default test -->
