<?xml version="1.0" encoding="UTF-8"?>
<!-- Generated by org.testng.reporters.JUnitXMLReporter -->
<testsuite ignored="0" hostname="Zacs-MacBook-Pro.local" failures="0" tests="6" name="Chrome Test" time="17.552" errors="0" timestamp="2021-05-19T13:07:14 PDT">
  <testcase classname="tests.Login" name="loadTimeTest" time="11.853"/>
  <testcase classname="tests.Login" name="lockedOutUser" time="0.531"/>
  <testcase classname="tests.Login" name="loginSuccess" time="0.454"/>
  <testcase classname="tests.Login" name="noCredentials" time="0.424"/>
  <testcase classname="tests.Login" name="tabbedNavigation" time="0.396"/>
  <testcase classname="tests.Login" name="wrongCredentials" time="0.485"/>
</testsuite> <!-- Chrome Test -->
